::1 - - [28/May/2020:17:32:11 +0000] "GET / HTTP/1.1" 200 2112 "-" "Mozilla/5.0 (Windows NT 10.0; Win64; x64) AppleWebKit/537.36 (KHTML, like Gecko) Chrome/83.0.4103.61 Safari/537.36"
::1 - - [28/May/2020:17:32:15 +0000] "GET / HTTP/1.1" 304 - "-" "Mozilla/5.0 (Windows NT 10.0; Win64; x64) AppleWebKit/537.36 (KHTML, like Gecko) Chrome/83.0.4103.61 Safari/537.36"
::1 - - [28/May/2020:17:32:18 +0000] "GET /user/sign-in HTTP/1.1" 200 2050 "http://localhost:8000/" "Mozilla/5.0 (Windows NT 10.0; Win64; x64) AppleWebKit/537.36 (KHTML, like Gecko) Chrome/83.0.4103.61 Safari/537.36"
::1 - - [28/May/2020:17:32:22 +0000] "GET /user/auth/google HTTP/1.1" 302 0 "http://localhost:8000/user/sign-in" "Mozilla/5.0 (Windows NT 10.0; Win64; x64) AppleWebKit/537.36 (KHTML, like Gecko) Chrome/83.0.4103.61 Safari/537.36"
::1 - - [28/May/2020:17:32:26 +0000] "GET /user/auth/google/callback?code=4%2F0AEePgBw1YBqYrYA150JePFBmNw-Wviz0dKhSP9N90aTizTLBwchgofPa8NetyXT5DFofe-55ov7JglGH0HTGG4&scope=email+profile+https%3A%2F%2Fwww.googleapis.com%2Fauth%2Fuserinfo.profile+https%3A%2F%2Fwww.googleapis.com%2Fauth%2Fuserinfo.email+openid&authuser=0&prompt=consent HTTP/1.1" 302 46 "-" "Mozilla/5.0 (Windows NT 10.0; Win64; x64) AppleWebKit/537.36 (KHTML, like Gecko) Chrome/83.0.4103.61 Safari/537.36"
::1 - - [28/May/2020:17:32:26 +0000] "GET / HTTP/1.1" 200 3309 "-" "Mozilla/5.0 (Windows NT 10.0; Win64; x64) AppleWebKit/537.36 (KHTML, like Gecko) Chrome/83.0.4103.61 Safari/537.36"
::1 - - [28/May/2020:17:32:41 +0000] "GET / HTTP/1.1" 200 3169 "-" "Mozilla/5.0 (Windows NT 10.0; Win64; x64) AppleWebKit/537.36 (KHTML, like Gecko) Chrome/83.0.4103.61 Safari/537.36"
::1 - - [28/May/2020:17:32:51 +0000] "GET / HTTP/1.1" 304 - "-" "Mozilla/5.0 (Windows NT 10.0; Win64; x64) AppleWebKit/537.36 (KHTML, like Gecko) Chrome/83.0.4103.61 Safari/537.36"
::1 - - [28/May/2020:17:32:54 +0000] "GET / HTTP/1.1" 304 - "-" "Mozilla/5.0 (Windows NT 10.0; Win64; x64) AppleWebKit/537.36 (KHTML, like Gecko) Chrome/83.0.4103.61 Safari/537.36"
::1 - - [28/May/2020:17:33:03 +0000] "POST /post/create HTTP/1.1" 200 240 "http://localhost:8000/" "Mozilla/5.0 (Windows NT 10.0; Win64; x64) AppleWebKit/537.36 (KHTML, like Gecko) Chrome/83.0.4103.61 Safari/537.36"
::1 - - [28/May/2020:17:33:05 +0000] "GET / HTTP/1.1" 200 4136 "-" "Mozilla/5.0 (Windows NT 10.0; Win64; x64) AppleWebKit/537.36 (KHTML, like Gecko) Chrome/83.0.4103.61 Safari/537.36"
::1 - - [28/May/2020:17:33:08 +0000] "GET /user/profile/5ecfeadc0d7c4826dc1869cd HTTP/1.1" 200 2225 "http://localhost:8000/" "Mozilla/5.0 (Windows NT 10.0; Win64; x64) AppleWebKit/537.36 (KHTML, like Gecko) Chrome/83.0.4103.61 Safari/537.36"
::1 - - [28/May/2020:17:33:10 +0000] "GET /user/profile/5ecfeadc0d7c4826dc1869cd HTTP/1.1" 304 - "http://localhost:8000/user/profile/5ecfeadc0d7c4826dc1869cd" "Mozilla/5.0 (Windows NT 10.0; Win64; x64) AppleWebKit/537.36 (KHTML, like Gecko) Chrome/83.0.4103.61 Safari/537.36"
::1 - - [28/May/2020:17:33:13 +0000] "GET / HTTP/1.1" 200 4004 "http://localhost:8000/user/profile/5ecfeadc0d7c4826dc1869cd" "Mozilla/5.0 (Windows NT 10.0; Win64; x64) AppleWebKit/537.36 (KHTML, like Gecko) Chrome/83.0.4103.61 Safari/537.36"
::1 - - [28/May/2020:17:34:26 +0000] "GET /user/profile/5ecfeadc0d7c4826dc1869cd HTTP/1.1" 304 - "http://localhost:8000/" "Mozilla/5.0 (Windows NT 10.0; Win64; x64) AppleWebKit/537.36 (KHTML, like Gecko) Chrome/83.0.4103.61 Safari/537.36"
::1 - - [28/May/2020:18:23:32 +0000] "GET /user/profile/5ecfeadc0d7c4826dc1869cd HTTP/1.1" 200 2225 "-" "Mozilla/5.0 (Windows NT 10.0; Win64; x64) AppleWebKit/537.36 (KHTML, like Gecko) Chrome/83.0.4103.61 Safari/537.36"
::1 - - [28/May/2020:18:23:32 +0000] "GET /css/layout.css HTTP/1.1" 404 153 "http://localhost:8000/user/profile/5ecfeadc0d7c4826dc1869cd" "Mozilla/5.0 (Windows NT 10.0; Win64; x64) AppleWebKit/537.36 (KHTML, like Gecko) Chrome/83.0.4103.61 Safari/537.36"
::1 - - [28/May/2020:18:23:32 +0000] "GET /css/header.css HTTP/1.1" 404 153 "http://localhost:8000/user/profile/5ecfeadc0d7c4826dc1869cd" "Mozilla/5.0 (Windows NT 10.0; Win64; x64) AppleWebKit/537.36 (KHTML, like Gecko) Chrome/83.0.4103.61 Safari/537.36"
::1 - - [28/May/2020:18:23:32 +0000] "GET /css/footer.css HTTP/1.1" 404 153 "http://localhost:8000/user/profile/5ecfeadc0d7c4826dc1869cd" "Mozilla/5.0 (Windows NT 10.0; Win64; x64) AppleWebKit/537.36 (KHTML, like Gecko) Chrome/83.0.4103.61 Safari/537.36"
::1 - - [28/May/2020:18:23:35 +0000] "GET /user/profile/5ecfeadc0d7c4826dc1869cd HTTP/1.1" 304 - "http://localhost:8000/user/profile/5ecfeadc0d7c4826dc1869cd" "Mozilla/5.0 (Windows NT 10.0; Win64; x64) AppleWebKit/537.36 (KHTML, like Gecko) Chrome/83.0.4103.61 Safari/537.36"
::1 - - [28/May/2020:18:23:35 +0000] "GET /css/layout.css HTTP/1.1" 404 153 "http://localhost:8000/user/profile/5ecfeadc0d7c4826dc1869cd" "Mozilla/5.0 (Windows NT 10.0; Win64; x64) AppleWebKit/537.36 (KHTML, like Gecko) Chrome/83.0.4103.61 Safari/537.36"
::1 - - [28/May/2020:18:23:35 +0000] "GET /css/header.css HTTP/1.1" 404 153 "http://localhost:8000/user/profile/5ecfeadc0d7c4826dc1869cd" "Mozilla/5.0 (Windows NT 10.0; Win64; x64) AppleWebKit/537.36 (KHTML, like Gecko) Chrome/83.0.4103.61 Safari/537.36"
::1 - - [28/May/2020:18:23:35 +0000] "GET /css/footer.css HTTP/1.1" 404 153 "http://localhost:8000/user/profile/5ecfeadc0d7c4826dc1869cd" "Mozilla/5.0 (Windows NT 10.0; Win64; x64) AppleWebKit/537.36 (KHTML, like Gecko) Chrome/83.0.4103.61 Safari/537.36"
::1 - - [28/May/2020:18:23:36 +0000] "GET / HTTP/1.1" 200 4004 "http://localhost:8000/user/profile/5ecfeadc0d7c4826dc1869cd" "Mozilla/5.0 (Windows NT 10.0; Win64; x64) AppleWebKit/537.36 (KHTML, like Gecko) Chrome/83.0.4103.61 Safari/537.36"
::1 - - [28/May/2020:18:23:36 +0000] "GET /css/layout.css HTTP/1.1" 404 153 "http://localhost:8000/" "Mozilla/5.0 (Windows NT 10.0; Win64; x64) AppleWebKit/537.36 (KHTML, like Gecko) Chrome/83.0.4103.61 Safari/537.36"
::1 - - [28/May/2020:18:23:36 +0000] "GET /css/chat_box.css HTTP/1.1" 404 155 "http://localhost:8000/" "Mozilla/5.0 (Windows NT 10.0; Win64; x64) AppleWebKit/537.36 (KHTML, like Gecko) Chrome/83.0.4103.61 Safari/537.36"
::1 - - [28/May/2020:18:23:36 +0000] "GET /css/header.css HTTP/1.1" 404 153 "http://localhost:8000/" "Mozilla/5.0 (Windows NT 10.0; Win64; x64) AppleWebKit/537.36 (KHTML, like Gecko) Chrome/83.0.4103.61 Safari/537.36"
::1 - - [28/May/2020:18:23:36 +0000] "GET /css/footer.css HTTP/1.1" 404 153 "http://localhost:8000/" "Mozilla/5.0 (Windows NT 10.0; Win64; x64) AppleWebKit/537.36 (KHTML, like Gecko) Chrome/83.0.4103.61 Safari/537.36"
::1 - - [28/May/2020:18:23:36 +0000] "GET /css/home.css HTTP/1.1" 404 151 "http://localhost:8000/" "Mozilla/5.0 (Windows NT 10.0; Win64; x64) AppleWebKit/537.36 (KHTML, like Gecko) Chrome/83.0.4103.61 Safari/537.36"
::1 - - [28/May/2020:18:23:36 +0000] "GET /js/home_posts.js HTTP/1.1" 404 155 "http://localhost:8000/" "Mozilla/5.0 (Windows NT 10.0; Win64; x64) AppleWebKit/537.36 (KHTML, like Gecko) Chrome/83.0.4103.61 Safari/537.36"
::1 - - [28/May/2020:18:23:36 +0000] "GET /js/chat_engine.js HTTP/1.1" 404 156 "http://localhost:8000/" "Mozilla/5.0 (Windows NT 10.0; Win64; x64) AppleWebKit/537.36 (KHTML, like Gecko) Chrome/83.0.4103.61 Safari/537.36"
::1 - - [28/May/2020:18:23:36 +0000] "GET /js/chat_engine.js HTTP/1.1" 404 156 "http://localhost:8000/" "Mozilla/5.0 (Windows NT 10.0; Win64; x64) AppleWebKit/537.36 (KHTML, like Gecko) Chrome/83.0.4103.61 Safari/537.36"
