[0mGET / [32m200[0m 17.811 ms - 4082[0m
[0mGET / [31m500[0m 81.933 ms - 1640[0m
[0mGET / [32m200[0m 191.164 ms - 4106[0m
[0mGET /user/profile/5ec6611aec71c707a023ccf4 [36m304[0m 79.451 ms - -[0m
[0mGET / [36m304[0m 28.900 ms - -[0m
[0mGET /user/profile/5ec7bb95a755201f68e6bc30 [36m304[0m 24.824 ms - -[0m
[0mGET / [36m304[0m 20.126 ms - -[0m
[0mGET / [36m304[0m 60.755 ms - -[0m
[0mGET / [32m200[0m 58.931 ms - 4386[0m
[0mGET / [36m304[0m 38.089 ms - -[0m
[0mGET / [36m304[0m 68.071 ms - -[0m
[0mGET /user/profile/5ec6611aec71c707a023ccf4 [36m304[0m 73.743 ms - -[0m
[0mGET /user/profile/5ec6611aec71c707a023ccf4 [36m304[0m 42.859 ms - -[0m
[0mGET / [32m200[0m 25.783 ms - 4386[0m
[0mGET / [32m200[0m 208.601 ms - 4338[0m
[0mGET / [0m-[0m - ms - -[0m
[0mGET / [0m-[0m - ms - -[0m
[0mGET / [32m200[0m 170.070 ms - 4106[0m
[0mGET / [32m200[0m 82.346 ms - 4411[0m
[0mGET / [36m304[0m 43.889 ms - -[0m
[0mGET / [36m304[0m 49.137 ms - -[0m
[0mPOST /post/create [32m200[0m 55.291 ms - 272[0m
[0mGET /user/profile/5ece904400546c273880174b [32m200[0m 35.643 ms - 2409[0m
[0mGET / [32m200[0m 155.736 ms - 5730[0m
[0mGET /user/profile/5ed69a23bf7be424dcacfbf4 [32m200[0m 27.750 ms - 2269[0m
[0mPOST /user/toogle-friend/?friend_id=5ed69a23bf7be424dcacfbf4 [32m200[0m 24.945 ms - 66[0m
[0mGET / [32m200[0m 41.310 ms - 5881[0m
[0mGET / [36m304[0m 51.785 ms - -[0m
[0mGET /user/profile/5ec6611aec71c707a023ccf4 [32m200[0m 24.628 ms - 2512[0m
[0mGET / [36m304[0m 45.073 ms - -[0m
[0mGET /user/profile/5ed69a23bf7be424dcacfbf4 [32m200[0m 36.446 ms - 2272[0m
[0mPOST /user/toogle-friend/?friend_id=5ed69a23bf7be424dcacfbf4 [32m200[0m 17.948 ms - 65[0m
[0mGET / [32m200[0m 42.371 ms - 5730[0m
[0mGET /user/profile/5ec7bb95a755201f68e6bc30 [32m200[0m 23.863 ms - 2269[0m
[0mGET / [36m304[0m 43.223 ms - -[0m
[0mGET /user/profile/5ece904400546c273880174b [32m200[0m 25.793 ms - 2277[0m
[0mGET / [36m304[0m 42.683 ms - -[0m
[0mGET /user/profile/5ec7bb95a755201f68e6bc30 [36m304[0m 26.700 ms - -[0m
[0mPOST /user/toogle-friend/?friend_id=5ec7bb95a755201f68e6bc30 [32m200[0m 15.110 ms - 65[0m
[0mGET / [32m200[0m 35.908 ms - 5578[0m
[0mGET /user/profile/5ece904400546c273880174b [36m304[0m 22.476 ms - -[0m
[0mPOST /user/toogle-friend/?friend_id=5ece904400546c273880174b [32m200[0m 16.922 ms - 65[0m
[0mGET / [32m200[0m 26.668 ms - 5425[0m
[0mGET /user/profile/5ec7bb95a755201f68e6bc30 [32m200[0m 20.962 ms - 2266[0m
[0mGET / [36m304[0m 29.966 ms - -[0m
[0mGET /user/profile/5ece904400546c273880174b [32m200[0m 27.046 ms - 2274[0m
[0mGET / [36m304[0m 29.662 ms - -[0m
[0mGET /user/profile/5ed69a23bf7be424dcacfbf4 [32m200[0m 23.203 ms - 2269[0m
[0mGET / [36m304[0m 37.746 ms - -[0m
[0mGET /user/profile/5ec7bb95a755201f68e6bc30 [36m304[0m 20.445 ms - -[0m
[0mPOST /user/toogle-friend/?friend_id=5ec7bb95a755201f68e6bc30 [32m200[0m 20.396 ms - 66[0m
[0mGET / [32m200[0m 37.131 ms - 5577[0m
[0mGET /user/profile/5ece904400546c273880174b [36m304[0m 20.318 ms - -[0m
[0mPOST /user/toogle-friend/?friend_id=5ece904400546c273880174b [32m200[0m 20.520 ms - 66[0m
[0mGET / [32m200[0m 45.645 ms - 5730[0m
[0mGET /user/profile/5ed69a23bf7be424dcacfbf4 [36m304[0m 31.089 ms - -[0m
[0mPOST /user/toogle-friend/?friend_id=5ed69a23bf7be424dcacfbf4 [32m200[0m 24.611 ms - 66[0m
[0mGET / [32m200[0m 40.375 ms - 5881[0m
[0mGET / [36m304[0m 35.961 ms - -[0m
[0mGET /user/sign-out [36m302[0m 123.557 ms - 46[0m
[0mGET / [0m-[0m - ms - -[0m
[0mGET / [0m-[0m - ms - -[0m
[0mGET /user/profile/5ec6611aec71c707a023ccf4 [36m302[0m 3.834 ms - 70[0m
[0mGET /user/sign-in [32m200[0m 8.570 ms - 2101[0m
[0mPOST /user/create-session [36m302[0m 7.557 ms - 46[0m
[0mGET / [32m200[0m 39.779 ms - 5574[0m
[0mGET /user/sign-out [36m302[0m 6.947 ms - 46[0m
[0mGET / [0m-[0m - ms - -[0m
[0mGET / [0m-[0m - ms - -[0m
[0mGET / [36m302[0m 22.927 ms - 70[0m
[0mGET /user/sign-in [36m304[0m 17.700 ms - -[0m
[0mGET /user/sign-in [36m304[0m 24.592 ms - -[0m
[0mGET /user/sign-in [36m304[0m 14.234 ms - -[0m
[0mPOST /user/create-session [36m302[0m 21.515 ms - 46[0m
[0mGET / [32m200[0m 66.478 ms - 5574[0m
[0mGET /user/profile/5ed69a23bf7be424dcacfbf4 [32m200[0m 36.305 ms - 2459[0m
[0mGET / [32m200[0m 41.565 ms - 5434[0m
[0mGET /user/profile/5ece904400546c273880174b [32m200[0m 25.413 ms - 2226[0m
[0mGET /user/profile/5ece904400546c273880174b [36m304[0m 31.643 ms - -[0m
[0mPOST /user/toogle-friend/?friend_id=5ece904400546c273880174b [32m200[0m 34.423 ms - 66[0m
[0mGET / [32m200[0m 45.441 ms - 5587[0m
[0mGET / [36m302[0m 42.025 ms - 70[0m
[0mGET /user/sign-in [32m200[0m 61.657 ms - 2101[0m
[0mGET /favicon.ico [33m404[0m 6.499 ms - 150[0m
[0mGET / [36m302[0m 5.497 ms - 70[0m
[0mGET /user/sign-in [36m304[0m 13.458 ms - -[0m
[0mPOST /user/create-session [36m302[0m 22.239 ms - 46[0m
[0mGET / [32m200[0m 96.895 ms - 5727[0m
[0mPOST /likes/toggle/?id=5ed6a88f3eef6064305928a4&type=Post [32m200[0m 30.268 ms - 58[0m
[0mGET / [32m200[0m 59.048 ms - 5587[0m
[0mGET /user/profile/5ec6611aec71c707a023ccf4 [32m200[0m 40.177 ms - 2229[0m
[0mGET /user/profile/5ed69a23bf7be424dcacfbf4 [32m200[0m 41.671 ms - 2459[0m
[0mGET / [36m304[0m 56.943 ms - -[0m
[0mGET /user/profile/5ec6611aec71c707a023ccf4 [36m304[0m 54.110 ms - -[0m
[0mGET / [36m304[0m 60.679 ms - -[0m
[0mGET /user/profile/5ece904400546c273880174b [32m200[0m 54.068 ms - 2229[0m
[0mGET / [36m304[0m 61.373 ms - -[0m
[0mGET /user/profile/5ec6611aec71c707a023ccf4 [36m304[0m 36.910 ms - -[0m
[0mGET / [36m304[0m 50.182 ms - -[0m
[0mGET / [36m304[0m 50.629 ms - -[0m
[0mGET / [36m304[0m 51.979 ms - -[0m
[0mPOST /post/create [32m200[0m 12.566 ms - 270[0m
[0mGET /user/profile/5ed69a23bf7be424dcacfbf4 [32m200[0m 30.738 ms - 2591[0m
[0mGET / [32m200[0m 50.257 ms - 6904[0m
[0mGET /user/profile/5ed69a23bf7be424dcacfbf4 [32m200[0m 27.909 ms - 2459[0m
[0mGET / [36m304[0m 40.520 ms - -[0m
[0mGET /user/profile/5ece904400546c273880174b [36m304[0m 42.795 ms - -[0m
[0mGET / [36m304[0m 36.015 ms - -[0m
[0mPOST /likes/toggle/?id=5ed761f6a1adde523c2807c6&type=Post [32m200[0m 15.457 ms - 58[0m
[0mPOST /likes/toggle/?id=5ed6a88f3eef6064305928a4&type=Post [32m200[0m 16.274 ms - 57[0m
[0mPOST /likes/toggle/?id=5ed6a88f3eef6064305928a4&type=Post [32m200[0m 12.259 ms - 58[0m
[0mGET /user/profile/5ece904400546c273880174b [36m304[0m 27.288 ms - -[0m
[0mGET / [32m200[0m 50.686 ms - 6904[0m
[0mGET /user/profile/5ec6611aec71c707a023ccf4 [36m304[0m 36.233 ms - -[0m
[0mGET / [36m304[0m 44.239 ms - -[0m
[0mGET /user/sign-out [36m302[0m 8.495 ms - 70[0m
[0mGET /user/sign-in [32m200[0m 8.368 ms - 2239[0m
[0mGET /user/auth/google [36m302[0m 6.970 ms - 0[0m
[0mGET /user/auth/google [36m302[0m 5.401 ms - 0[0m
